<?xml version="1.0" encoding="UTF-8"?>
<!-- Generated by org.testng.reporters.JUnitReportReporter -->
<testsuite hostname="macbook-pro-2.hightailhq.com" name="com.mvn.ha.AccountDetailsTest" tests="1" failures="0" timestamp="8 Feb 2016 18:07:53 GMT" time="20.881" errors="0">
  <testcase name="accountDetails" time="20.881" classname="com.mvn.ha.AccountDetailsTest"/>
</testsuite> <!-- com.mvn.ha.AccountDetailsTest -->
