<?xml version="1.0" encoding="UTF-8"?>
<!-- Generated by org.testng.reporters.JUnitReportReporter -->
<testsuite hostname="macbook-pro-2.hightailhq.com" name="com.mvn.ha.HomeawayTest" tests="2" failures="0" timestamp="8 Feb 2016 18:07:53 GMT" time="48.281" errors="0">
  <testcase name="checkIphone4s" time="30.458" classname="com.mvn.ha.HomeawayTest"/>
  <testcase name="emptyCartMessage" time="17.823" classname="com.mvn.ha.HomeawayTest"/>
</testsuite> <!-- com.mvn.ha.HomeawayTest -->
