<?xml version="1.0" encoding="UTF-8"?>
<!-- Generated by org.testng.reporters.JUnitReportReporter -->
<testsuite hostname="MacBook-Pro-2" name="com.mvn.ha.AppTest" tests="1" failures="0" timestamp="6 Feb 2016 18:43:28 GMT" time="0.001" errors="0">
  <testcase name="testApp" time="0.001" classname="com.mvn.ha.AppTest"/>
</testsuite> <!-- com.mvn.ha.AppTest -->
