<?xml version="1.0" encoding="UTF-8"?>
<!-- Generated by org.testng.reporters.JUnitReportReporter -->
<testsuite hostname="MacBook-Pro-2" name="com.mvn.ha.HomeawayTest" tests="1" failures="0" timestamp="6 Feb 2016 18:43:28 GMT" time="21.973" errors="0">
  <testcase name="checkIphone4s" time="21.973" classname="com.mvn.ha.HomeawayTest"/>
</testsuite> <!-- com.mvn.ha.HomeawayTest -->
